<?xml version="1.0" encoding="UTF-8"?>
<!-- Generated by org.testng.reporters.JUnitReportReporter -->
<testsuite skipped="0" hostname="HBADT4950189" name="com.qa.testscripts.RediffCreateAccountAvaliable" tests="2" failures="0" timestamp="25 Jan 2021 06:38:28 GMT" time="3.902" errors="0">
  <testcase name="CheckpresenceofLink" time="0.172" classname="com.qa.testscripts.RediffCreateAccountAvaliable"/>
  <testcase name="CheckRegistrationPage" time="3.730" classname="com.qa.testscripts.RediffCreateAccountAvaliable"/>
</testsuite> <!-- com.qa.testscripts.RediffCreateAccountAvaliable -->
