<?xml version="1.0" encoding="UTF-8"?>
<!-- Generated by org.testng.reporters.JUnitReportReporter -->
<testsuite skipped="0" hostname="HBADT4950189" name="com.qa.testscripts.NewTourDepartArriveDefaultedSame" tests="2" failures="0" timestamp="28 Jan 2021 08:05:10 GMT" time="5.607" errors="0">
  <testcase name="Login" time="3.787" classname="com.qa.testscripts.NewTourDepartArriveDefaultedSame"/>
  <testcase name="checkDepartArriveDefaultedSame" time="1.820" classname="com.qa.testscripts.NewTourDepartArriveDefaultedSame"/>
</testsuite> <!-- com.qa.testscripts.NewTourDepartArriveDefaultedSame -->
