<?xml version="1.0" encoding="UTF-8"?>
<!-- Generated by org.testng.reporters.JUnitReportReporter -->
<testsuite skipped="0" hostname="HBADT4950189" name="com.qa.testscripts.RediffLogin" tests="4" failures="0" timestamp="25 Jan 2021 06:39:31 GMT" time="5.135" errors="0">
  <testcase name="checkHomePage" time="0.107" classname="com.qa.testscripts.RediffLogin"/>
  <testcase name="CheckSignInPage" time="0.961" classname="com.qa.testscripts.RediffLogin"/>
  <testcase name="NavigateBackHome" time="3.914" classname="com.qa.testscripts.RediffLogin"/>
  <testcase name="ForwardToLoginPage" time="0.153" classname="com.qa.testscripts.RediffLogin"/>
</testsuite> <!-- com.qa.testscripts.RediffLogin -->
