<?xml version="1.0" encoding="UTF-8"?>
<!-- Generated by org.testng.reporters.JUnitReportReporter -->
<testsuite skipped="0" hostname="HBADT4950189" name="com.qa.testscripts.RediffWorkingWithMultipleWindows" tests="1" failures="0" timestamp="25 Jan 2021 06:58:53 GMT" time="6.411" errors="0">
  <testcase name="multipleWindows" time="6.411" classname="com.qa.testscripts.RediffWorkingWithMultipleWindows"/>
</testsuite> <!-- com.qa.testscripts.RediffWorkingWithMultipleWindows -->
