<?xml version="1.0" encoding="UTF-8"?>
<!-- Generated by org.testng.reporters.JUnitReportReporter -->
<testsuite skipped="0" hostname="HBADT4950189" name="com.qa.testscripts.AmazonSearchItem" tests="4" failures="0" timestamp="12 Mar 2021 06:58:28 GMT" time="12.802" errors="0">
  <testcase name="ValidateAmazonTextBox" time="0.504" classname="com.qa.testscripts.AmazonSearchItem"/>
  <testcase name="ValidateAmazonTextBox" time="0.261" classname="com.qa.testscripts.AmazonSearchItem"/>
  <testcase name="CheckIfPageLoaded" time="7.092" classname="com.qa.testscripts.AmazonSearchItem"/>
  <testcase name="CheckIfPageLoaded" time="4.945" classname="com.qa.testscripts.AmazonSearchItem"/>
</testsuite> <!-- com.qa.testscripts.AmazonSearchItem -->
