<?xml version="1.0" encoding="UTF-8"?>
<!-- Generated by org.testng.reporters.JUnitReportReporter -->
<testsuite skipped="0" hostname="HBADT4950189" name="com.qa.testscripts.NewToursHeightWidth" tests="1" failures="0" timestamp="25 Jan 2021 08:13:14 GMT" time="0.097" errors="0">
  <testcase name="Login" time="0.097" classname="com.qa.testscripts.NewToursHeightWidth"/>
</testsuite> <!-- com.qa.testscripts.NewToursHeightWidth -->
