<?xml version="1.0" encoding="UTF-8"?>
<!-- Generated by org.testng.reporters.JUnitReportReporter -->
<testsuite skipped="0" hostname="HBADT4950189" name="com.qa.testscripts.NewTourBookingFlightTicket" tests="2" failures="0" timestamp="25 Jan 2021 14:33:15 GMT" time="22.846" errors="0">
  <testcase name="Login" time="5.524" classname="com.qa.testscripts.NewTourBookingFlightTicket"/>
  <testcase name="FlightTicketBooking" time="17.322" classname="com.qa.testscripts.NewTourBookingFlightTicket"/>
</testsuite> <!-- com.qa.testscripts.NewTourBookingFlightTicket -->
