<?xml version="1.0" encoding="UTF-8"?>
<!-- Generated by org.testng.reporters.JUnitReportReporter -->
<testsuite skipped="0" hostname="HBADT4950189" name="com.qa.testscripts.RadioButtonColour" tests="2" failures="0" timestamp="25 Jan 2021 06:37:41 GMT" time="0.359" errors="0">
  <testcase name="MondayRadioButtionSelect" time="0.276" classname="com.qa.testscripts.RadioButtonColour"/>
  <testcase name="Checkboxes" time="0.083" classname="com.qa.testscripts.RadioButtonColour"/>
</testsuite> <!-- com.qa.testscripts.RadioButtonColour -->
